[WARN][aof.go:93] 2024/08/12 16:19:23 open "appendonly.aof": The filename, directory name, or volume label syntax is incorrect.
[WARN][aof.go:93] 2024/08/12 16:20:10 open "appendonly.aof": The filename, directory name, or volume label syntax is incorrect.
[WARN][aof.go:93] 2024/08/12 16:20:23 open "appendonly.aof": The filename, directory name, or volume label syntax is incorrect.
[WARN][aof.go:93] 2024/08/12 16:20:40 open "appendonly.aof": The filename, directory name, or volume label syntax is incorrect.
[INFO][parser.go:50] 2024/08/12 16:20:55 Waiting to read a new line...
[ERROR][parser.go:134] 2024/08/12 16:20:55 Failed to read line: EOF
[ERROR][parser.go:54] 2024/08/12 16:20:55 Error reading line: EOF
[INFO][parser.go:50] 2024/08/12 16:20:55 Waiting to read a new line...
[ERROR][parser.go:134] 2024/08/12 16:20:55 Failed to read line: read appendonly.aof: file already closed
[ERROR][parser.go:54] 2024/08/12 16:20:55 Error reading line: read appendonly.aof: file already closed
[INFO][parser.go:50] 2024/08/12 16:20:55 Waiting to read a new line...
[ERROR][parser.go:134] 2024/08/12 16:20:55 Failed to read line: EOF
[ERROR][parser.go:54] 2024/08/12 16:20:55 Error reading line: EOF
[INFO][parser.go:50] 2024/08/12 16:20:55 Waiting to read a new line...
[ERROR][parser.go:134] 2024/08/12 16:20:55 Failed to read line: read appendonly.aof: file already closed
[ERROR][parser.go:54] 2024/08/12 16:20:55 Error reading line: read appendonly.aof: file already closed
[INFO][server.go:40] 2024/08/12 16:20:55 bind: 0.0.0.0:6379, start listening...
[INFO][server.go:50] 2024/08/12 16:20:59 shutting down...
[INFO][handler.go:93] 2024/08/12 16:20:59 handler closing
[INFO][parser.go:50] 2024/08/12 16:21:05 Waiting to read a new line...
[ERROR][parser.go:134] 2024/08/12 16:21:05 Failed to read line: EOF
[ERROR][parser.go:54] 2024/08/12 16:21:05 Error reading line: EOF
[INFO][parser.go:50] 2024/08/12 16:21:05 Waiting to read a new line...
[ERROR][parser.go:134] 2024/08/12 16:21:05 Failed to read line: read appendonly.aof: file already closed
[ERROR][parser.go:54] 2024/08/12 16:21:05 Error reading line: read appendonly.aof: file already closed
[INFO][parser.go:50] 2024/08/12 16:21:05 Waiting to read a new line...
[ERROR][parser.go:134] 2024/08/12 16:21:05 Failed to read line: EOF
[ERROR][parser.go:54] 2024/08/12 16:21:05 Error reading line: EOF
[INFO][parser.go:50] 2024/08/12 16:21:05 Waiting to read a new line...
[ERROR][parser.go:134] 2024/08/12 16:21:05 Failed to read line: read appendonly.aof: file already closed
[ERROR][parser.go:54] 2024/08/12 16:21:05 Error reading line: read appendonly.aof: file already closed
[INFO][server.go:40] 2024/08/12 16:21:05 bind: 0.0.0.0:6379, start listening...
[INFO][server.go:50] 2024/08/12 16:22:26 shutting down...
[INFO][handler.go:93] 2024/08/12 16:22:26 handler closing
[INFO][parser.go:50] 2024/08/12 16:30:37 Waiting to read a new line...
[ERROR][parser.go:134] 2024/08/12 16:30:37 Failed to read line: EOF
[ERROR][parser.go:54] 2024/08/12 16:30:37 Error reading line: EOF
[INFO][parser.go:50] 2024/08/12 16:30:37 Waiting to read a new line...
[ERROR][parser.go:134] 2024/08/12 16:30:37 Failed to read line: EOF
[ERROR][parser.go:54] 2024/08/12 16:30:37 Error reading line: EOF
[INFO][parser.go:50] 2024/08/12 16:30:37 Waiting to read a new line...
[ERROR][parser.go:134] 2024/08/12 16:30:37 Failed to read line: EOF
[ERROR][parser.go:54] 2024/08/12 16:30:37 Error reading line: EOF
[INFO][parser.go:50] 2024/08/12 16:30:37 Waiting to read a new line...
[ERROR][parser.go:134] 2024/08/12 16:30:37 Failed to read line: EOF
[ERROR][parser.go:54] 2024/08/12 16:30:37 Error reading line: EOF
[INFO][server.go:40] 2024/08/12 16:30:37 bind: 0.0.0.0:6379, start listening...
[INFO][server.go:50] 2024/08/12 16:34:09 shutting down...
[INFO][handler.go:93] 2024/08/12 16:34:09 handler closing
[INFO][parser.go:50] 2024/08/12 16:34:25 Waiting to read a new line...
[ERROR][parser.go:134] 2024/08/12 16:34:25 Failed to read line: EOF
[ERROR][parser.go:54] 2024/08/12 16:34:25 Error reading line: EOF
[INFO][parser.go:50] 2024/08/12 16:34:25 Waiting to read a new line...
[ERROR][parser.go:134] 2024/08/12 16:34:25 Failed to read line: read appendonly.aof: file already closed
[ERROR][parser.go:54] 2024/08/12 16:34:25 Error reading line: read appendonly.aof: file already closed
[INFO][parser.go:50] 2024/08/12 16:34:25 Waiting to read a new line...
[ERROR][parser.go:134] 2024/08/12 16:34:25 Failed to read line: EOF
[ERROR][parser.go:54] 2024/08/12 16:34:25 Error reading line: EOF
[INFO][parser.go:50] 2024/08/12 16:34:25 Waiting to read a new line...
[ERROR][parser.go:134] 2024/08/12 16:34:25 Failed to read line: EOF
[ERROR][parser.go:54] 2024/08/12 16:34:25 Error reading line: EOF
[ERROR][main.go:46] 2024/08/12 16:34:25 listen tcp 0.0.0.0:6379: bind: Only one usage of each socket address (protocol/network address/port) is normally permitted.
[INFO][parser.go:50] 2024/08/12 16:35:15 Waiting to read a new line...
[ERROR][parser.go:134] 2024/08/12 16:35:15 Failed to read line: EOF
[ERROR][parser.go:54] 2024/08/12 16:35:15 Error reading line: EOF
[INFO][parser.go:50] 2024/08/12 16:35:15 Waiting to read a new line...
[ERROR][parser.go:134] 2024/08/12 16:35:15 Failed to read line: EOF
[ERROR][parser.go:54] 2024/08/12 16:35:15 Error reading line: EOF
[INFO][parser.go:50] 2024/08/12 16:35:15 Waiting to read a new line...
[ERROR][parser.go:134] 2024/08/12 16:35:15 Failed to read line: EOF
[ERROR][parser.go:54] 2024/08/12 16:35:15 Error reading line: EOF
[INFO][parser.go:50] 2024/08/12 16:35:15 Waiting to read a new line...
[ERROR][parser.go:134] 2024/08/12 16:35:15 Failed to read line: EOF
[ERROR][parser.go:54] 2024/08/12 16:35:15 Error reading line: EOF
[INFO][server.go:40] 2024/08/12 16:35:15 bind: 0.0.0.0:6379, start listening...
[INFO][server.go:69] 2024/08/12 16:35:52 accept link
[INFO][handler.go:55] 2024/08/12 16:35:52 connection open127.0.0.1:63111
[INFO][parser.go:50] 2024/08/12 16:35:52 Waiting to read a new line...
[INFO][parser.go:137] 2024/08/12 16:35:58 Read line: 

[INFO][parser.go:50] 2024/08/12 16:35:58 Waiting to read a new line...
[INFO][handler.go:57] 2024/08/12 16:35:58 receive payload
[INFO][parser.go:137] 2024/08/12 16:36:05 Read line: *3

[INFO][parser.go:50] 2024/08/12 16:36:05 Waiting to read a new line...
[INFO][parser.go:137] 2024/08/12 16:36:11 Read line: ping

[INFO][parser.go:50] 2024/08/12 16:36:11 Waiting to read a new line...
[INFO][parser.go:137] 2024/08/12 16:36:24 Read line: $34ping

[INFO][parser.go:50] 2024/08/12 16:36:24 Waiting to read a new line...
[INFO][handler.go:57] 2024/08/12 16:36:24 receive payload
[INFO][parser.go:137] 2024/08/12 16:36:43 Read line: $4PING

[INFO][parser.go:50] 2024/08/12 16:36:43 Waiting to read a new line...
[INFO][handler.go:57] 2024/08/12 16:36:43 receive payload
[INFO][parser.go:137] 2024/08/12 16:37:00 Read line: $4flush

[INFO][parser.go:50] 2024/08/12 16:37:00 Waiting to read a new line...
[INFO][handler.go:57] 2024/08/12 16:37:00 receive payload
[ERROR][parser.go:134] 2024/08/12 16:37:20 Failed to read line: EOF
[ERROR][parser.go:54] 2024/08/12 16:37:20 Error reading line: EOF
[INFO][parser.go:50] 2024/08/12 16:37:20 Waiting to read a new line...
[ERROR][parser.go:134] 2024/08/12 16:37:20 Failed to read line: EOF
[INFO][handler.go:57] 2024/08/12 16:37:20 receive payload
[ERROR][parser.go:54] 2024/08/12 16:37:20 Error reading line: EOF
[INFO][handler.go:64] 2024/08/12 16:37:20 connection close127.0.0.1:63111
[INFO][server.go:50] 2024/08/12 16:37:22 shutting down...
[INFO][handler.go:93] 2024/08/12 16:37:22 handler closing
